  stdafx.cpp
  dllmain.cpp
  PlaneFM.cpp
D:\Projects\DCS Mods\Planes\Scaled Composites ARES EFM\FlightModel\Basic-custom-flight-model-for-ARES\PlaneFM.cpp(493,59): warning C4244: '=': conversion from 'double' to 'float', possible loss of data
D:\Projects\DCS Mods\Planes\Scaled Composites ARES EFM\FlightModel\Basic-custom-flight-model-for-ARES\PlaneFM.cpp(504,56): warning C4244: '=': conversion from 'double' to 'float', possible loss of data
D:\Projects\DCS Mods\Planes\Scaled Composites ARES EFM\FlightModel\Basic-custom-flight-model-for-ARES\PlaneFM.cpp(509,28): warning C4244: 'initializing': conversion from 'double' to 'int', possible loss of data
D:\Projects\DCS Mods\Planes\Scaled Composites ARES EFM\FlightModel\Basic-custom-flight-model-for-ARES\PlaneFM.cpp(510,29): warning C4244: 'initializing': conversion from 'double' to 'int', possible loss of data
D:\Projects\DCS Mods\Planes\Scaled Composites ARES EFM\FlightModel\Basic-custom-flight-model-for-ARES\PlaneFM.cpp(513,28): warning C4305: '+=': truncation from '__int64' to 'int'
D:\Projects\DCS Mods\Planes\Scaled Composites ARES EFM\FlightModel\Basic-custom-flight-model-for-ARES\PlaneFM.cpp(517,29): warning C4305: '-=': truncation from '__int64' to 'int'
D:\Projects\DCS Mods\Planes\Scaled Composites ARES EFM\FlightModel\Basic-custom-flight-model-for-ARES\PlaneFM.cpp(528,55): warning C4244: '=': conversion from 'double' to 'float', possible loss of data
D:\Projects\DCS Mods\Planes\Scaled Composites ARES EFM\FlightModel\Basic-custom-flight-model-for-ARES\PlaneFM.cpp(530,59): warning C4244: '=': conversion from 'double' to 'float', possible loss of data
D:\Projects\DCS Mods\Planes\Scaled Composites ARES EFM\FlightModel\Basic-custom-flight-model-for-ARES\PlaneFM.cpp(532,58): warning C4244: '=': conversion from 'double' to 'float', possible loss of data
D:\Projects\DCS Mods\Planes\Scaled Composites ARES EFM\FlightModel\Basic-custom-flight-model-for-ARES\PlaneFM.cpp(544,57): warning C4244: '=': conversion from 'double' to 'float', possible loss of data
D:\Projects\DCS Mods\Planes\Scaled Composites ARES EFM\FlightModel\Basic-custom-flight-model-for-ARES\PlaneFM.cpp(1918,29): warning C4244: '+=': conversion from 'double' to 'float', possible loss of data
  GeneralFilter.lib(general_filter.obj) : MSIL .netmodule or module compiled with /GL found; restarting link with /LTCG; add /LTCG to the link command line to improve linker performance
     Creating library ..\..\bin\x86\Custom_FM.lib and object ..\..\bin\x86\Custom_FM.exp
  Generating code
  Finished generating code
GeneralFilter.lib(general_filter.obj) : warning LNK4099: PDB '' was not found with 'GeneralFilter.lib(general_filter.obj)' or at ''; linking object as if no debug info
  Custom_FM.vcxproj -> D:\Projects\DCS Mods\Planes\Scaled Composites ARES EFM\bin\x86\Custom_FM.dll
