  PlaneFM.cpp
C:\Projects\DCS Mods\Planes\ARES Repo\Exports\Scaled Composites ARES EFM\FlightModel\Basic-custom-flight-model-for-DCS-World-main\PlaneFM.cpp(424,39): warning C4244: '=': conversion from 'double' to 'float', possible loss of data
C:\Projects\DCS Mods\Planes\ARES Repo\Exports\Scaled Composites ARES EFM\FlightModel\Basic-custom-flight-model-for-DCS-World-main\PlaneFM.cpp(441,59): warning C4244: '=': conversion from 'double' to 'float', possible loss of data
C:\Projects\DCS Mods\Planes\ARES Repo\Exports\Scaled Composites ARES EFM\FlightModel\Basic-custom-flight-model-for-DCS-World-main\PlaneFM.cpp(450,56): warning C4244: '=': conversion from 'double' to 'float', possible loss of data
C:\Projects\DCS Mods\Planes\ARES Repo\Exports\Scaled Composites ARES EFM\FlightModel\Basic-custom-flight-model-for-DCS-World-main\PlaneFM.cpp(455,28): warning C4244: 'initializing': conversion from 'double' to 'int', possible loss of data
C:\Projects\DCS Mods\Planes\ARES Repo\Exports\Scaled Composites ARES EFM\FlightModel\Basic-custom-flight-model-for-DCS-World-main\PlaneFM.cpp(456,29): warning C4244: 'initializing': conversion from 'double' to 'int', possible loss of data
C:\Projects\DCS Mods\Planes\ARES Repo\Exports\Scaled Composites ARES EFM\FlightModel\Basic-custom-flight-model-for-DCS-World-main\PlaneFM.cpp(459,28): warning C4305: '+=': truncation from '__int64' to 'int'
C:\Projects\DCS Mods\Planes\ARES Repo\Exports\Scaled Composites ARES EFM\FlightModel\Basic-custom-flight-model-for-DCS-World-main\PlaneFM.cpp(463,29): warning C4305: '-=': truncation from '__int64' to 'int'
C:\Projects\DCS Mods\Planes\ARES Repo\Exports\Scaled Composites ARES EFM\FlightModel\Basic-custom-flight-model-for-DCS-World-main\PlaneFM.cpp(473,55): warning C4244: '=': conversion from 'double' to 'float', possible loss of data
C:\Projects\DCS Mods\Planes\ARES Repo\Exports\Scaled Composites ARES EFM\FlightModel\Basic-custom-flight-model-for-DCS-World-main\PlaneFM.cpp(475,59): warning C4244: '=': conversion from 'double' to 'float', possible loss of data
C:\Projects\DCS Mods\Planes\ARES Repo\Exports\Scaled Composites ARES EFM\FlightModel\Basic-custom-flight-model-for-DCS-World-main\PlaneFM.cpp(477,58): warning C4244: '=': conversion from 'double' to 'float', possible loss of data
C:\Projects\DCS Mods\Planes\ARES Repo\Exports\Scaled Composites ARES EFM\FlightModel\Basic-custom-flight-model-for-DCS-World-main\PlaneFM.cpp(485,57): warning C4244: '=': conversion from 'double' to 'float', possible loss of data
C:\Projects\DCS Mods\Planes\ARES Repo\Exports\Scaled Composites ARES EFM\FlightModel\Basic-custom-flight-model-for-DCS-World-main\PlaneFM.cpp(518,70): warning C4805: '==': unsafe mix of type 'double' and type 'bool' in operation
C:\Projects\DCS Mods\Planes\ARES Repo\Exports\Scaled Composites ARES EFM\FlightModel\Basic-custom-flight-model-for-DCS-World-main\PlaneFM.cpp(1882,29): warning C4244: '+=': conversion from 'double' to 'float', possible loss of data
  GeneralFilter.lib(general_filter.obj) : MSIL .netmodule or module compiled with /GL found; restarting link with /LTCG; add /LTCG to the link command line to improve linker performance
LINK : warning LNK4075: ignoring '/INCREMENTAL' due to '/LTCG' specification
     Creating library ..\..\bin\Custom_FM.lib and object ..\..\bin\Custom_FM.exp
LINK : warning LNK4098: defaultlib 'MSVCRT' conflicts with use of other libs; use /NODEFAULTLIB:library
  Generating code
  Finished generating code
GeneralFilter.lib(general_filter.obj) : warning LNK4099: PDB 'vc100.pdb' was not found with 'GeneralFilter.lib(general_filter.obj)' or at 'C:\Projects\DCS Mods\Planes\ARES Repo\Exports\Scaled Composites ARES EFM\bin\vc100.pdb'; linking object as if no debug info
  Custom_FM.vcxproj -> C:\Projects\DCS Mods\Planes\ARES Repo\Exports\Scaled Composites ARES EFM\bin\Custom_FM.dll
