  dllmain.cpp
  PlaneFM.cpp
C:\Projects\DCS Mods\Planes\Scaled Composites ARES EFM\FlightModel\Basic-custom-flight-model-for-ARES\PlaneFM.cpp(430,39): warning C4244: '=': conversion from 'double' to 'float', possible loss of data
C:\Projects\DCS Mods\Planes\Scaled Composites ARES EFM\FlightModel\Basic-custom-flight-model-for-ARES\PlaneFM.cpp(447,59): warning C4244: '=': conversion from 'double' to 'float', possible loss of data
C:\Projects\DCS Mods\Planes\Scaled Composites ARES EFM\FlightModel\Basic-custom-flight-model-for-ARES\PlaneFM.cpp(456,56): warning C4244: '=': conversion from 'double' to 'float', possible loss of data
C:\Projects\DCS Mods\Planes\Scaled Composites ARES EFM\FlightModel\Basic-custom-flight-model-for-ARES\PlaneFM.cpp(461,28): warning C4244: 'initializing': conversion from 'double' to 'int', possible loss of data
C:\Projects\DCS Mods\Planes\Scaled Composites ARES EFM\FlightModel\Basic-custom-flight-model-for-ARES\PlaneFM.cpp(462,29): warning C4244: 'initializing': conversion from 'double' to 'int', possible loss of data
C:\Projects\DCS Mods\Planes\Scaled Composites ARES EFM\FlightModel\Basic-custom-flight-model-for-ARES\PlaneFM.cpp(465,28): warning C4305: '+=': truncation from '__int64' to 'int'
C:\Projects\DCS Mods\Planes\Scaled Composites ARES EFM\FlightModel\Basic-custom-flight-model-for-ARES\PlaneFM.cpp(469,29): warning C4305: '-=': truncation from '__int64' to 'int'
C:\Projects\DCS Mods\Planes\Scaled Composites ARES EFM\FlightModel\Basic-custom-flight-model-for-ARES\PlaneFM.cpp(478,55): warning C4244: '=': conversion from 'double' to 'float', possible loss of data
C:\Projects\DCS Mods\Planes\Scaled Composites ARES EFM\FlightModel\Basic-custom-flight-model-for-ARES\PlaneFM.cpp(480,59): warning C4244: '=': conversion from 'double' to 'float', possible loss of data
C:\Projects\DCS Mods\Planes\Scaled Composites ARES EFM\FlightModel\Basic-custom-flight-model-for-ARES\PlaneFM.cpp(482,58): warning C4244: '=': conversion from 'double' to 'float', possible loss of data
C:\Projects\DCS Mods\Planes\Scaled Composites ARES EFM\FlightModel\Basic-custom-flight-model-for-ARES\PlaneFM.cpp(490,57): warning C4244: '=': conversion from 'double' to 'float', possible loss of data
C:\Projects\DCS Mods\Planes\Scaled Composites ARES EFM\FlightModel\Basic-custom-flight-model-for-ARES\PlaneFM.cpp(1886,29): warning C4244: '+=': conversion from 'double' to 'float', possible loss of data
  GeneralFilter.lib(general_filter.obj) : MSIL .netmodule or module compiled with /GL found; restarting link with /LTCG; add /LTCG to the link command line to improve linker performance
LINK : warning LNK4075: ignoring '/INCREMENTAL' due to '/LTCG' specification
     Creating library ..\..\bin\Custom_FM.lib and object ..\..\bin\Custom_FM.exp
LINK : warning LNK4098: defaultlib 'MSVCRT' conflicts with use of other libs; use /NODEFAULTLIB:library
  Generating code
  Finished generating code
GeneralFilter.lib(general_filter.obj) : warning LNK4099: PDB 'vc100.pdb' was not found with 'GeneralFilter.lib(general_filter.obj)' or at 'C:\Projects\DCS Mods\Planes\Scaled Composites ARES EFM\bin\vc100.pdb'; linking object as if no debug info
  Custom_FM.vcxproj -> C:\Projects\DCS Mods\Planes\Scaled Composites ARES EFM\bin\Custom_FM.dll
